{
  "stats": {
    "suites": 1,
    "tests": 1,
    "passes": 0,
    "pending": 0,
    "failures": 1,
    "start": "2026-06-23T02:08:16.322Z",
    "end": "2026-06-23T02:08:47.756Z",
    "duration": 31434,
    "testsRegistered": 1,
    "passPercent": 0,
    "pendingPercent": 0,
    "other": 0,
    "hasOther": false,
    "skipped": 0,
    "hasSkipped": false
  },
  "results": [
    {
      "uuid": "c7b110cd-e4ee-4a63-bfd4-4aa84749a65e",
      "title": "",
      "fullFile": "cypress\\e2e\\Sign_up_automation_script.cy.js",
      "file": "cypress\\e2e\\Sign_up_automation_script.cy.js",
      "beforeHooks": [],
      "afterHooks": [],
      "tests": [],
      "suites": [
        {
          "uuid": "5369e36a-cdc5-4a52-9c98-7345837a8922",
          "title": "Registration",
          "fullFile": "",
          "file": "",
          "beforeHooks": [],
          "afterHooks": [],
          "tests": [
            {
              "title": "User can Sign Up With valid credentials",
              "fullTitle": "Registration User can Sign Up With valid credentials",
              "timedOut": null,
              "duration": 29468,
              "state": "failed",
              "speed": null,
              "pass": false,
              "fail": true,
              "pending": false,
              "context": null,
              "code": "cy.contains('Login').should('be.visible');\ncy.xpath(_Selector.selectors.login_btn).click();\ncy.contains('Sign Up').should('be.visible');\ncy.xpath(_Selector.selectors.signup_btn).click();\ncy.get(_Selector.selectors.i_agree_checkbox).click();\ncy.get(_Selector.selectors.continue_btn).click();\n////Personal Information\ncy.xpath(_Selector.selectors.Firstname).type(User);\ncy.xpath(_Selector.selectors.Lastname).type(\"Doe\");\ncy.xpath(_Selector.selectors.email).type(_testData.email);\ncy.xpath(_Selector.selectors.phone_nbr).type(phone_nbr);\ncy.xpath(_Selector.selectors.password).type('Password123!');\ncy.xpath(_Selector.selectors.confirm_password).type('Password123!');\ncy.wait(2000);\ncy.get(_Selector.selectors.next1_btn).click();\n//otp verification\ncy.task('getOtp', _testData.email).then(otp => {\n  cy.get('input', {\n    timeout: 30000\n  }).filter(':visible').first().should('be.visible').type(otp);\n});\ncy.xpath(_Selector.selectors.verify_btn).click();\ncy.contains('Your account has been created successfully').should('be.visible');\n//Agency Details\ncy.xpath(_Selector.selectors.agency_name).type('Test Agency');\ncy.xpath(_Selector.selectors.role).type('Manager');\ncy.xpath(_Selector.selectors.email_address).type(_testData.email);\ncy.xpath(_Selector.selectors.website).type('www.testagency.com');\ncy.xpath(_Selector.selectors.Address).type('123 Test Street, Test City');\ncy.xpath(_Selector.selectors.Region_dropdown).click();\ncy.contains('United States of America').click();\ncy.xpath(_Selector.selectors.next2_btn).click();\ncy.contains('Agency Details Added Successfully').should('be.visible');\n//Experience and performance metrics\ncy.contains('Experience and Performance Metrics').should('be.visible');\ncy.get('svg.lucide-chevron-down').click();\ncy.get('div[dir=\"ltr\"] div:nth-child(5)').click();\ncy.xpath(_Selector.selectors.no_stds_recruited).type('50');\ncy.xpath(_Selector.selectors.focus_area).type('Counselling');\ncy.xpath(_Selector.selectors.sucess_metrics).type('80%');\ncy.xpath(_Selector.selectors.check_career_couns).click();\ncy.xpath(_Selector.selectors.check_test_prep).click();\ncy.xpath(_Selector.selectors.next3_btn).click();\ncy.contains('Professional Experience Added successfully.').should('be.visible');\n//verification and preferences\ncy.xpath(_Selector.selectors.business_reg_nbr).type('78688289');\ncy.xpath(_Selector.selectors.prefer_country_dropdown).click();\ncy.contains('United States of America').click();\ncy.xpath(_Selector.selectors.prefer_institution_type).click();\ncy.xpath(_Selector.selectors.certification_detail).type('ICEF Trained agent Counsellor');\ncy.get('input[type=\"file\"]').eq(0).selectFile('cypress/fixtures/Document.pdf', {\n  force: true\n});\ncy.get('input[type=\"file\"]').eq(1).selectFile('cypress/fixtures/education_certificate.jpg', {\n  force: true\n});\ncy.xpath(_Selector.selectors.submit_btn).click();\ncy.wait(3000);\ncy.get('.Toastify').should('contain', 'Verification and Preferences Added successfully!');\n//cy.contains('Verification and Preferences Added successfully!').should('be.visible');\ncy.wait(2000);\ncy.contains('My Profile').should('be.visible');",
              "err": {
                "message": "CypressError: `cy.selectFile(\"cypress/fixtures/education_certificate.jpg\")` failed because the file does not exist at the following path:\n\n`D:\\Task_Vrit\\cypress\\fixtures\\education_certificate.jpg`\n\nhttps://on.cypress.io/selectfile",
                "estack": "CypressError: `cy.selectFile(\"cypress/fixtures/education_certificate.jpg\")` failed because the file does not exist at the following path:\n\n`D:\\Task_Vrit\\cypress\\fixtures\\education_certificate.jpg`\n\nhttps://on.cypress.io/selectfile\n    at <unknown> (https://authorized-partner.vercel.app/__cypress/runner/cypress_runner.js:116946:70)\n    at tryCatcher (https://authorized-partner.vercel.app/__cypress/runner/cypress_runner.js:1777:23)\n    at Promise._settlePromiseFromHandler (https://authorized-partner.vercel.app/__cypress/runner/cypress_runner.js:1489:31)\n    at Promise._settlePromise (https://authorized-partner.vercel.app/__cypress/runner/cypress_runner.js:1546:18)\n    at Promise._settlePromise0 (https://authorized-partner.vercel.app/__cypress/runner/cypress_runner.js:1591:10)\n    at Promise._settlePromises (https://authorized-partner.vercel.app/__cypress/runner/cypress_runner.js:1667:18)\n    at _drainQueueStep (https://authorized-partner.vercel.app/__cypress/runner/cypress_runner.js:2377:12)\n    at _drainQueue (https://authorized-partner.vercel.app/__cypress/runner/cypress_runner.js:2370:9)\n    at Async._drainQueues (https://authorized-partner.vercel.app/__cypress/runner/cypress_runner.js:2386:5)\n    at Async.drainQueues (https://authorized-partner.vercel.app/__cypress/runner/cypress_runner.js:2256:14)\nFrom Your Spec Code:\n    at Object.proxyGetter [as get] (https://authorized-partner.vercel.app/__cypress/runner/cypress_runner.js:81302:22)\n    at exists (https://authorized-partner.vercel.app/__cypress/runner/cypress_runner.js:151509:26)\n    at elExists (https://authorized-partner.vercel.app/__cypress/runner/cypress_runner.js:151524:10)\n    at ensureExistence (https://authorized-partner.vercel.app/__cypress/runner/cypress_runner.js:151705:22)\n    at onFailFn (https://authorized-partner.vercel.app/__cypress/runner/cypress_runner.js:151734:53)",
                "diff": null
              },
              "uuid": "894e4de6-545c-4b0b-b591-b18ee7456824",
              "parentUUID": "5369e36a-cdc5-4a52-9c98-7345837a8922",
              "isHook": false,
              "skipped": false
            }
          ],
          "suites": [],
          "passes": [],
          "failures": [
            "894e4de6-545c-4b0b-b591-b18ee7456824"
          ],
          "pending": [],
          "skipped": [],
          "duration": 29468,
          "root": false,
          "rootEmpty": false,
          "_timeout": 2000
        }
      ],
      "passes": [],
      "failures": [],
      "pending": [],
      "skipped": [],
      "duration": 0,
      "root": true,
      "rootEmpty": true,
      "_timeout": 2000
    }
  ],
  "meta": {
    "mocha": {
      "version": "7.2.0"
    },
    "mochawesome": {
      "options": {
        "quiet": false,
        "reportFilename": "mochawesome",
        "saveHtml": true,
        "saveJson": true,
        "consoleReporter": "spec",
        "useInlineDiffs": false,
        "code": true
      },
      "version": "7.1.4"
    },
    "marge": {
      "options": {
        "reportDir": "cypress/reports",
        "overwrite": true,
        "html": true,
        "json": true
      },
      "version": "6.3.2"
    }
  }
}